2018-02-26 01:28:31 DEBUG logging:28 - Logging Provider: org.jboss.logging.Log4jLoggerProvider
2018-02-26 01:28:31 DEBUG IntegratorServiceImpl:46 - Adding Integrator [org.hibernate.cfg.beanvalidation.BeanValidationIntegrator].
2018-02-26 01:28:31 DEBUG IntegratorServiceImpl:46 - Adding Integrator [org.hibernate.secure.spi.JaccIntegrator].
2018-02-26 01:28:31 DEBUG IntegratorServiceImpl:46 - Adding Integrator [org.hibernate.cache.internal.CollectionCacheInvalidator].
2018-02-26 01:28:31 INFO  Version:37 - HHH000412: Hibernate Core {5.1.11.Final}
2018-02-26 01:28:31 INFO  Environment:213 - HHH000206: hibernate.properties not found
2018-02-26 01:28:31 INFO  Environment:317 - HHH000021: Bytecode provider name : javassist
2018-02-26 01:28:31 DEBUG LocalXmlResourceResolver:57 - Interpreting public/system identifier : [-//Hibernate/Hibernate Configuration DTD 3.0//EN] - [http://www.hibernate.org/dtd/hibernate-configuration-3.0.dtd]
2018-02-26 01:28:31 DEBUG LocalXmlResourceResolver:85 - Recognized hibernate-configuration identifier; attempting to resolve on classpath under org/hibernate/
2018-02-26 01:28:31 DEBUG JaxbCfgProcessor:116 - cfg.xml document did not define namespaces; wrapping in custom event reader to introduce namespace information
2018-02-26 01:28:32 DEBUG Configuration:725 - Building session factory using internal StandardServiceRegistryBuilder
2018-02-26 01:28:32 DEBUG ServiceBinding:68 - Overriding existing service binding [org.hibernate.secure.spi.JaccService]
2018-02-26 01:28:32 DEBUG Configuration:653 - Building session factory using provided StandardServiceRegistry
2018-02-26 01:28:32 DEBUG RegionFactoryInitiator:74 - Cache region factory : org.hibernate.cache.internal.NoCachingRegionFactory
2018-02-26 01:28:32 INFO  Version:66 - HCANN000001: Hibernate Commons Annotations {5.0.1.Final}
2018-02-26 01:28:32 DEBUG BasicTypeRegistry:136 - Adding type registration boolean -> org.hibernate.type.BooleanType@2bbf4b8b
2018-02-26 01:28:32 DEBUG BasicTypeRegistry:136 - Adding type registration boolean -> org.hibernate.type.BooleanType@2bbf4b8b
2018-02-26 01:28:32 DEBUG BasicTypeRegistry:136 - Adding type registration java.lang.Boolean -> org.hibernate.type.BooleanType@2bbf4b8b
2018-02-26 01:28:32 DEBUG BasicTypeRegistry:136 - Adding type registration numeric_boolean -> org.hibernate.type.NumericBooleanType@78e67e0a
2018-02-26 01:28:32 DEBUG BasicTypeRegistry:136 - Adding type registration true_false -> org.hibernate.type.TrueFalseType@480bdb19
2018-02-26 01:28:32 DEBUG BasicTypeRegistry:136 - Adding type registration yes_no -> org.hibernate.type.YesNoType@2a742aa2
2018-02-26 01:28:32 DEBUG BasicTypeRegistry:136 - Adding type registration byte -> org.hibernate.type.ByteType@307f6b8c
2018-02-26 01:28:32 DEBUG BasicTypeRegistry:136 - Adding type registration byte -> org.hibernate.type.ByteType@307f6b8c
2018-02-26 01:28:32 DEBUG BasicTypeRegistry:136 - Adding type registration java.lang.Byte -> org.hibernate.type.ByteType@307f6b8c
2018-02-26 01:28:32 DEBUG BasicTypeRegistry:136 - Adding type registration character -> org.hibernate.type.CharacterType@2353b3e6
2018-02-26 01:28:32 DEBUG BasicTypeRegistry:136 - Adding type registration char -> org.hibernate.type.CharacterType@2353b3e6
2018-02-26 01:28:32 DEBUG BasicTypeRegistry:136 - Adding type registration java.lang.Character -> org.hibernate.type.CharacterType@2353b3e6
2018-02-26 01:28:32 DEBUG BasicTypeRegistry:136 - Adding type registration short -> org.hibernate.type.ShortType@fad74ee
2018-02-26 01:28:32 DEBUG BasicTypeRegistry:136 - Adding type registration short -> org.hibernate.type.ShortType@fad74ee
2018-02-26 01:28:32 DEBUG BasicTypeRegistry:136 - Adding type registration java.lang.Short -> org.hibernate.type.ShortType@fad74ee
2018-02-26 01:28:32 DEBUG BasicTypeRegistry:136 - Adding type registration integer -> org.hibernate.type.IntegerType@32d2fa64
2018-02-26 01:28:32 DEBUG BasicTypeRegistry:136 - Adding type registration int -> org.hibernate.type.IntegerType@32d2fa64
2018-02-26 01:28:32 DEBUG BasicTypeRegistry:136 - Adding type registration java.lang.Integer -> org.hibernate.type.IntegerType@32d2fa64
2018-02-26 01:28:32 DEBUG BasicTypeRegistry:136 - Adding type registration long -> org.hibernate.type.LongType@6b57696f
2018-02-26 01:28:32 DEBUG BasicTypeRegistry:136 - Adding type registration long -> org.hibernate.type.LongType@6b57696f
2018-02-26 01:28:32 DEBUG BasicTypeRegistry:136 - Adding type registration java.lang.Long -> org.hibernate.type.LongType@6b57696f
2018-02-26 01:28:32 DEBUG BasicTypeRegistry:136 - Adding type registration float -> org.hibernate.type.FloatType@7ce6a65d
2018-02-26 01:28:32 DEBUG BasicTypeRegistry:136 - Adding type registration float -> org.hibernate.type.FloatType@7ce6a65d
2018-02-26 01:28:32 DEBUG BasicTypeRegistry:136 - Adding type registration java.lang.Float -> org.hibernate.type.FloatType@7ce6a65d
2018-02-26 01:28:32 DEBUG BasicTypeRegistry:136 - Adding type registration double -> org.hibernate.type.DoubleType@42d8062c
2018-02-26 01:28:32 DEBUG BasicTypeRegistry:136 - Adding type registration double -> org.hibernate.type.DoubleType@42d8062c
2018-02-26 01:28:32 DEBUG BasicTypeRegistry:136 - Adding type registration java.lang.Double -> org.hibernate.type.DoubleType@42d8062c
2018-02-26 01:28:32 DEBUG BasicTypeRegistry:136 - Adding type registration big_decimal -> org.hibernate.type.BigDecimalType@27f723
2018-02-26 01:28:32 DEBUG BasicTypeRegistry:136 - Adding type registration java.math.BigDecimal -> org.hibernate.type.BigDecimalType@27f723
2018-02-26 01:28:32 DEBUG BasicTypeRegistry:136 - Adding type registration big_integer -> org.hibernate.type.BigIntegerType@46daef40
2018-02-26 01:28:32 DEBUG BasicTypeRegistry:136 - Adding type registration java.math.BigInteger -> org.hibernate.type.BigIntegerType@46daef40
2018-02-26 01:28:32 DEBUG BasicTypeRegistry:136 - Adding type registration string -> org.hibernate.type.StringType@5ed828d
2018-02-26 01:28:32 DEBUG BasicTypeRegistry:136 - Adding type registration java.lang.String -> org.hibernate.type.StringType@5ed828d
2018-02-26 01:28:32 DEBUG BasicTypeRegistry:136 - Adding type registration nstring -> org.hibernate.type.StringNVarcharType@1a3869f4
2018-02-26 01:28:32 DEBUG BasicTypeRegistry:136 - Adding type registration ncharacter -> org.hibernate.type.CharacterNCharType@76a3e297
2018-02-26 01:28:32 DEBUG BasicTypeRegistry:136 - Adding type registration url -> org.hibernate.type.UrlType@4eb7f003
2018-02-26 01:28:32 DEBUG BasicTypeRegistry:136 - Adding type registration java.net.URL -> org.hibernate.type.UrlType@4eb7f003
2018-02-26 01:28:32 DEBUG BasicTypeRegistry:136 - Adding type registration date -> org.hibernate.type.DateType@74ad1f1f
2018-02-26 01:28:32 DEBUG BasicTypeRegistry:136 - Adding type registration java.sql.Date -> org.hibernate.type.DateType@74ad1f1f
2018-02-26 01:28:32 DEBUG BasicTypeRegistry:136 - Adding type registration time -> org.hibernate.type.TimeType@8646db9
2018-02-26 01:28:32 DEBUG BasicTypeRegistry:136 - Adding type registration java.sql.Time -> org.hibernate.type.TimeType@8646db9
2018-02-26 01:28:32 DEBUG BasicTypeRegistry:136 - Adding type registration timestamp -> org.hibernate.type.TimestampType@52f759d7
2018-02-26 01:28:32 DEBUG BasicTypeRegistry:136 - Adding type registration java.sql.Timestamp -> org.hibernate.type.TimestampType@52f759d7
2018-02-26 01:28:32 DEBUG BasicTypeRegistry:136 - Adding type registration java.util.Date -> org.hibernate.type.TimestampType@52f759d7
2018-02-26 01:28:32 DEBUG BasicTypeRegistry:136 - Adding type registration dbtimestamp -> org.hibernate.type.DbTimestampType@3ecd23d9
2018-02-26 01:28:32 DEBUG BasicTypeRegistry:136 - Adding type registration calendar -> org.hibernate.type.CalendarType@553a3d88
2018-02-26 01:28:32 DEBUG BasicTypeRegistry:136 - Adding type registration java.util.Calendar -> org.hibernate.type.CalendarType@553a3d88
2018-02-26 01:28:32 DEBUG BasicTypeRegistry:136 - Adding type registration java.util.GregorianCalendar -> org.hibernate.type.CalendarType@553a3d88
2018-02-26 01:28:32 DEBUG BasicTypeRegistry:136 - Adding type registration calendar_date -> org.hibernate.type.CalendarDateType@cb0ed20
2018-02-26 01:28:32 DEBUG BasicTypeRegistry:136 - Adding type registration locale -> org.hibernate.type.LocaleType@32eebfca
2018-02-26 01:28:32 DEBUG BasicTypeRegistry:136 - Adding type registration java.util.Locale -> org.hibernate.type.LocaleType@32eebfca
2018-02-26 01:28:32 DEBUG BasicTypeRegistry:136 - Adding type registration currency -> org.hibernate.type.CurrencyType@51c8530f
2018-02-26 01:28:32 DEBUG BasicTypeRegistry:136 - Adding type registration java.util.Currency -> org.hibernate.type.CurrencyType@51c8530f
2018-02-26 01:28:32 DEBUG BasicTypeRegistry:136 - Adding type registration timezone -> org.hibernate.type.TimeZoneType@75881071
2018-02-26 01:28:32 DEBUG BasicTypeRegistry:136 - Adding type registration java.util.TimeZone -> org.hibernate.type.TimeZoneType@75881071
2018-02-26 01:28:32 DEBUG BasicTypeRegistry:136 - Adding type registration class -> org.hibernate.type.ClassType@3891771e
2018-02-26 01:28:32 DEBUG BasicTypeRegistry:136 - Adding type registration java.lang.Class -> org.hibernate.type.ClassType@3891771e
2018-02-26 01:28:32 DEBUG BasicTypeRegistry:136 - Adding type registration uuid-binary -> org.hibernate.type.UUIDBinaryType@4fb64261
2018-02-26 01:28:32 DEBUG BasicTypeRegistry:136 - Adding type registration java.util.UUID -> org.hibernate.type.UUIDBinaryType@4fb64261
2018-02-26 01:28:32 DEBUG BasicTypeRegistry:136 - Adding type registration uuid-char -> org.hibernate.type.UUIDCharType@1990a65e
2018-02-26 01:28:32 DEBUG BasicTypeRegistry:136 - Adding type registration binary -> org.hibernate.type.BinaryType@544a2ea6
2018-02-26 01:28:32 DEBUG BasicTypeRegistry:136 - Adding type registration byte[] -> org.hibernate.type.BinaryType@544a2ea6
2018-02-26 01:28:32 DEBUG BasicTypeRegistry:136 - Adding type registration [B -> org.hibernate.type.BinaryType@544a2ea6
2018-02-26 01:28:32 DEBUG BasicTypeRegistry:136 - Adding type registration wrapper-binary -> org.hibernate.type.WrapperBinaryType@10dba097
2018-02-26 01:28:32 DEBUG BasicTypeRegistry:136 - Adding type registration Byte[] -> org.hibernate.type.WrapperBinaryType@10dba097
2018-02-26 01:28:32 DEBUG BasicTypeRegistry:136 - Adding type registration [Ljava.lang.Byte; -> org.hibernate.type.WrapperBinaryType@10dba097
2018-02-26 01:28:32 DEBUG BasicTypeRegistry:136 - Adding type registration row_version -> org.hibernate.type.RowVersionType@2eda0940
2018-02-26 01:28:32 DEBUG BasicTypeRegistry:136 - Adding type registration image -> org.hibernate.type.ImageType@67b467e9
2018-02-26 01:28:32 DEBUG BasicTypeRegistry:136 - Adding type registration characters -> org.hibernate.type.CharArrayType@149494d8
2018-02-26 01:28:32 DEBUG BasicTypeRegistry:136 - Adding type registration char[] -> org.hibernate.type.CharArrayType@149494d8
2018-02-26 01:28:32 DEBUG BasicTypeRegistry:136 - Adding type registration [C -> org.hibernate.type.CharArrayType@149494d8
2018-02-26 01:28:32 DEBUG BasicTypeRegistry:136 - Adding type registration wrapper-characters -> org.hibernate.type.CharacterArrayType@306279ee
2018-02-26 01:28:32 DEBUG BasicTypeRegistry:136 - Adding type registration [Ljava.lang.Character; -> org.hibernate.type.CharacterArrayType@306279ee
2018-02-26 01:28:32 DEBUG BasicTypeRegistry:136 - Adding type registration Character[] -> org.hibernate.type.CharacterArrayType@306279ee
2018-02-26 01:28:32 DEBUG BasicTypeRegistry:136 - Adding type registration text -> org.hibernate.type.TextType@4c762604
2018-02-26 01:28:32 DEBUG BasicTypeRegistry:136 - Adding type registration ntext -> org.hibernate.type.NTextType@24a35978
2018-02-26 01:28:32 DEBUG BasicTypeRegistry:136 - Adding type registration blob -> org.hibernate.type.BlobType@281e3708
2018-02-26 01:28:32 DEBUG BasicTypeRegistry:136 - Adding type registration java.sql.Blob -> org.hibernate.type.BlobType@281e3708
2018-02-26 01:28:32 DEBUG BasicTypeRegistry:136 - Adding type registration materialized_blob -> org.hibernate.type.MaterializedBlobType@103f852
2018-02-26 01:28:32 DEBUG BasicTypeRegistry:136 - Adding type registration clob -> org.hibernate.type.ClobType@6483f5ae
2018-02-26 01:28:32 DEBUG BasicTypeRegistry:136 - Adding type registration java.sql.Clob -> org.hibernate.type.ClobType@6483f5ae
2018-02-26 01:28:32 DEBUG BasicTypeRegistry:136 - Adding type registration nclob -> org.hibernate.type.NClobType@4f51b3e0
2018-02-26 01:28:32 DEBUG BasicTypeRegistry:136 - Adding type registration java.sql.NClob -> org.hibernate.type.NClobType@4f51b3e0
2018-02-26 01:28:32 DEBUG BasicTypeRegistry:136 - Adding type registration materialized_clob -> org.hibernate.type.MaterializedClobType@133e16fd
2018-02-26 01:28:32 DEBUG BasicTypeRegistry:136 - Adding type registration materialized_nclob -> org.hibernate.type.MaterializedNClobType@7f416310
2018-02-26 01:28:32 DEBUG BasicTypeRegistry:136 - Adding type registration serializable -> org.hibernate.type.SerializableType@60438a68
2018-02-26 01:28:32 DEBUG BasicTypeRegistry:136 - Adding type registration object -> org.hibernate.type.ObjectType@3bd94634
2018-02-26 01:28:32 DEBUG BasicTypeRegistry:136 - Adding type registration java.lang.Object -> org.hibernate.type.ObjectType@3bd94634
2018-02-26 01:28:32 DEBUG BasicTypeRegistry:136 - Adding type registration imm_date -> org.hibernate.type.AdaptedImmutableType@70a9f84e
2018-02-26 01:28:32 DEBUG BasicTypeRegistry:136 - Adding type registration imm_time -> org.hibernate.type.AdaptedImmutableType@130f889
2018-02-26 01:28:32 DEBUG BasicTypeRegistry:136 - Adding type registration imm_timestamp -> org.hibernate.type.AdaptedImmutableType@1188e820
2018-02-26 01:28:32 DEBUG BasicTypeRegistry:136 - Adding type registration imm_dbtimestamp -> org.hibernate.type.AdaptedImmutableType@2f490758
2018-02-26 01:28:32 DEBUG BasicTypeRegistry:136 - Adding type registration imm_calendar -> org.hibernate.type.AdaptedImmutableType@101df177
2018-02-26 01:28:32 DEBUG BasicTypeRegistry:136 - Adding type registration imm_calendar_date -> org.hibernate.type.AdaptedImmutableType@166fa74d
2018-02-26 01:28:32 DEBUG BasicTypeRegistry:136 - Adding type registration imm_binary -> org.hibernate.type.AdaptedImmutableType@40f08448
2018-02-26 01:28:32 DEBUG BasicTypeRegistry:136 - Adding type registration imm_serializable -> org.hibernate.type.AdaptedImmutableType@276438c9
2018-02-26 01:28:32 INFO  Dialect:156 - HHH000400: Using dialect: org.hibernate.dialect.Oracle9Dialect
2018-02-26 01:28:32 WARN  Oracle9Dialect:56 - HHH000063: The Oracle9Dialect dialect has been deprecated; use either Oracle9iDialect or Oracle10gDialect instead
2018-02-26 01:28:32 DEBUG IdentifierHelperBuilder:191 - IdentifierCaseStrategy for both quoted and unquoted identifiers was set to the same strategy [MIXED]; that will likely lead to problems in schema update and validation if using quoted identifiers
2018-02-26 01:28:32 INFO  LobCreatorBuilderImpl:63 - HHH000422: Disabling contextual LOB creation as connection was null
2018-02-26 01:28:33 DEBUG DefaultIdentifierGeneratorFactory:81 - Registering IdentifierGenerator strategy [uuid2] -> [org.hibernate.id.UUIDGenerator]
2018-02-26 01:28:33 DEBUG DefaultIdentifierGeneratorFactory:81 - Registering IdentifierGenerator strategy [guid] -> [org.hibernate.id.GUIDGenerator]
2018-02-26 01:28:33 DEBUG DefaultIdentifierGeneratorFactory:81 - Registering IdentifierGenerator strategy [uuid] -> [org.hibernate.id.UUIDHexGenerator]
2018-02-26 01:28:33 DEBUG DefaultIdentifierGeneratorFactory:81 - Registering IdentifierGenerator strategy [uuid.hex] -> [org.hibernate.id.UUIDHexGenerator]
2018-02-26 01:28:33 DEBUG DefaultIdentifierGeneratorFactory:81 - Registering IdentifierGenerator strategy [assigned] -> [org.hibernate.id.Assigned]
2018-02-26 01:28:33 DEBUG DefaultIdentifierGeneratorFactory:81 - Registering IdentifierGenerator strategy [identity] -> [org.hibernate.id.IdentityGenerator]
2018-02-26 01:28:33 DEBUG DefaultIdentifierGeneratorFactory:81 - Registering IdentifierGenerator strategy [select] -> [org.hibernate.id.SelectGenerator]
2018-02-26 01:28:33 DEBUG DefaultIdentifierGeneratorFactory:81 - Registering IdentifierGenerator strategy [sequence] -> [org.hibernate.id.enhanced.SequenceStyleGenerator]
2018-02-26 01:28:33 DEBUG DefaultIdentifierGeneratorFactory:81 - Registering IdentifierGenerator strategy [seqhilo] -> [org.hibernate.id.SequenceHiLoGenerator]
2018-02-26 01:28:33 DEBUG DefaultIdentifierGeneratorFactory:81 - Registering IdentifierGenerator strategy [increment] -> [org.hibernate.id.IncrementGenerator]
2018-02-26 01:28:33 DEBUG DefaultIdentifierGeneratorFactory:81 - Registering IdentifierGenerator strategy [foreign] -> [org.hibernate.id.ForeignGenerator]
2018-02-26 01:28:33 DEBUG DefaultIdentifierGeneratorFactory:81 - Registering IdentifierGenerator strategy [sequence-identity] -> [org.hibernate.id.SequenceIdentityGenerator]
2018-02-26 01:28:33 DEBUG DefaultIdentifierGeneratorFactory:81 - Registering IdentifierGenerator strategy [enhanced-sequence] -> [org.hibernate.id.enhanced.SequenceStyleGenerator]
2018-02-26 01:28:33 DEBUG DefaultIdentifierGeneratorFactory:81 - Registering IdentifierGenerator strategy [enhanced-table] -> [org.hibernate.id.enhanced.TableGenerator]
2018-02-26 01:28:33 DEBUG Namespace:47 - Created database namespace [logicalName=Name{catalog=null, schema=null}, physicalName=Name{catalog=null, schema=null}]
2018-02-26 01:28:33 DEBUG AnnotationBinder:511 - Binding entity from annotated class: com.scp.entity.Student
2018-02-26 01:28:33 DEBUG Ejb3Column:213 - Binding column: Ejb3DiscriminatorColumn{logicalColumnName'DTYPE', discriminatorTypeName='string'}
2018-02-26 01:28:33 DEBUG EntityBinder:416 - Import with entity name Student
2018-02-26 01:28:33 DEBUG EntityBinder:692 - Bind entity com.scp.entity.Student on table STUDENT_CRUD
2018-02-26 01:28:33 DEBUG Ejb3Column:213 - Binding column: Ejb3Column{table=org.hibernate.mapping.Table(STUDENT_CRUD), mappingColumn=ID, insertable=true, updatable=true, unique=false}
2018-02-26 01:28:33 DEBUG PropertyBinder:174 - MetadataSourceProcessor property id with lazy=false
2018-02-26 01:28:33 DEBUG AbstractPropertyHolder:89 - Attempting to locate auto-apply AttributeConverter for property [com.scp.entity.Student:id]
2018-02-26 01:28:33 DEBUG SimpleValueBinder:413 - building SimpleValue for id
2018-02-26 01:28:33 DEBUG PropertyBinder:265 - Building property id
2018-02-26 01:28:33 DEBUG Ejb3Column:213 - Binding column: Ejb3Column{table=org.hibernate.mapping.Table(STUDENT_CRUD), mappingColumn=COURSE, insertable=true, updatable=true, unique=false}
2018-02-26 01:28:33 DEBUG PropertyBinder:174 - MetadataSourceProcessor property course with lazy=false
2018-02-26 01:28:33 DEBUG AbstractPropertyHolder:89 - Attempting to locate auto-apply AttributeConverter for property [com.scp.entity.Student:course]
2018-02-26 01:28:33 DEBUG SimpleValueBinder:413 - building SimpleValue for course
2018-02-26 01:28:33 DEBUG PropertyBinder:265 - Building property course
2018-02-26 01:28:33 DEBUG Ejb3Column:213 - Binding column: Ejb3Column{table=org.hibernate.mapping.Table(STUDENT_CRUD), mappingColumn=ROLL_NUMBER, insertable=true, updatable=true, unique=false}
2018-02-26 01:28:33 DEBUG PropertyBinder:174 - MetadataSourceProcessor property rollNumber with lazy=false
2018-02-26 01:28:33 DEBUG AbstractPropertyHolder:89 - Attempting to locate auto-apply AttributeConverter for property [com.scp.entity.Student:rollNumber]
2018-02-26 01:28:33 DEBUG SimpleValueBinder:413 - building SimpleValue for rollNumber
2018-02-26 01:28:33 DEBUG PropertyBinder:265 - Building property rollNumber
2018-02-26 01:28:33 DEBUG Ejb3Column:213 - Binding column: Ejb3Column{table=org.hibernate.mapping.Table(STUDENT_CRUD), mappingColumn=STUDENT_NAME, insertable=true, updatable=true, unique=false}
2018-02-26 01:28:33 DEBUG PropertyBinder:174 - MetadataSourceProcessor property studentName with lazy=false
2018-02-26 01:28:33 DEBUG AbstractPropertyHolder:89 - Attempting to locate auto-apply AttributeConverter for property [com.scp.entity.Student:studentName]
2018-02-26 01:28:33 DEBUG SimpleValueBinder:413 - building SimpleValue for studentName
2018-02-26 01:28:33 DEBUG PropertyBinder:265 - Building property studentName
2018-02-26 01:28:33 DEBUG SimpleValueBinder:458 - Starting fillSimpleValue for id
2018-02-26 01:28:33 DEBUG SimpleValueBinder:458 - Starting fillSimpleValue for course
2018-02-26 01:28:33 DEBUG SimpleValueBinder:458 - Starting fillSimpleValue for rollNumber
2018-02-26 01:28:33 DEBUG SimpleValueBinder:458 - Starting fillSimpleValue for studentName
2018-02-26 01:28:33 DEBUG PrimaryKey:35 - Forcing column [id] to be non-null as it is part of the primary key for table [student_crud]
2018-02-26 01:28:33 DEBUG SessionFactoryImpl:213 - Building session factory
2018-02-26 01:28:33 DEBUG Settings:69 - SessionFactory name : null
2018-02-26 01:28:33 DEBUG Settings:70 - Automatic flush during beforeCompletion(): disabled
2018-02-26 01:28:33 DEBUG Settings:71 - Automatic session close at end of transaction: disabled
2018-02-26 01:28:33 DEBUG Settings:73 - Statistics: disabled
2018-02-26 01:28:33 DEBUG Settings:75 - Deleted entity synthetic identifier rollback: disabled
2018-02-26 01:28:33 DEBUG Settings:76 - Default entity-mode: pojo
2018-02-26 01:28:33 DEBUG Settings:77 - Check Nullability in Core (should be disabled when Bean Validation is on): enabled
2018-02-26 01:28:33 DEBUG Settings:78 - Allow initialization of lazy state outside session : disabled
2018-02-26 01:28:33 DEBUG Settings:80 - Using BatchFetchStyle : LEGACY
2018-02-26 01:28:33 DEBUG Settings:81 - Default batch fetch size: -1
2018-02-26 01:28:33 DEBUG Settings:82 - Maximum outer join fetch depth: null
2018-02-26 01:28:33 DEBUG Settings:83 - Default null ordering: NONE
2018-02-26 01:28:33 DEBUG Settings:84 - Order SQL updates by primary key: disabled
2018-02-26 01:28:33 DEBUG Settings:85 - Order SQL inserts for batching: disabled
2018-02-26 01:28:33 DEBUG Settings:87 - multi-tenancy strategy : NONE
2018-02-26 01:28:33 DEBUG Settings:89 - JTA Track by Thread: enabled
2018-02-26 01:28:33 DEBUG Settings:91 - Query language substitutions: {}
2018-02-26 01:28:33 DEBUG Settings:92 - JPA query language strict compliance: disabled
2018-02-26 01:28:33 DEBUG Settings:93 - Named query checking : enabled
2018-02-26 01:28:33 DEBUG Settings:95 - Second-level cache: enabled
2018-02-26 01:28:33 DEBUG Settings:96 - Second-level query cache: disabled
2018-02-26 01:28:33 DEBUG Settings:97 - Second-level query cache factory: org.hibernate.cache.internal.StandardQueryCacheFactory@625732
2018-02-26 01:28:33 DEBUG Settings:98 - Second-level cache region prefix: null
2018-02-26 01:28:33 DEBUG Settings:99 - Optimize second-level cache for minimal puts: disabled
2018-02-26 01:28:33 DEBUG Settings:100 - Structured second-level cache entries: disabled
2018-02-26 01:28:33 DEBUG Settings:101 - Second-level cache direct-reference entries: disabled
2018-02-26 01:28:33 DEBUG Settings:102 - Automatic eviction of collection cache: disabled
2018-02-26 01:28:33 DEBUG Settings:104 - JDBC batch size: 0
2018-02-26 01:28:33 DEBUG Settings:105 - JDBC batch updates for versioned data: disabled
2018-02-26 01:28:33 DEBUG Settings:106 - Scrollable result sets: disabled
2018-02-26 01:28:33 DEBUG Settings:107 - Wrap result sets: disabled
2018-02-26 01:28:33 DEBUG Settings:108 - JDBC3 getGeneratedKeys(): disabled
2018-02-26 01:28:33 DEBUG Settings:109 - JDBC result set fetch size: null
2018-02-26 01:28:33 DEBUG Settings:110 - Connection release mode: AFTER_TRANSACTION
2018-02-26 01:28:33 DEBUG Settings:111 - Generate SQL with comments: disabled
2018-02-26 01:28:34 DEBUG SessionFactoryImpl:261 - Session factory constructed with filter configurations : {}
2018-02-26 01:28:34 DEBUG SessionFactoryImpl:262 - Instantiating session factory with properties: {hibernate.connection.password=root, java.runtime.name=Java(TM) SE Runtime Environment, java.vm.version=25.151-b12, sun.boot.library.path=C:\Program Files\Java\jre1.8.0_151\bin, hibernate.connection.username=system, hibernate.boot.CfgXmlAccessService.key=org.hibernate.boot.cfgxml.spi.LoadedConfig@13fd2ccd, hibernate.temp.use_jdbc_metadata_defaults=false, java.vm.vendor=Oracle Corporation, java.vendor.url=http://java.oracle.com/, path.separator=;, java.vm.name=Java HotSpot(TM) 64-Bit Server VM, file.encoding.pkg=sun.io, sun.os.patch.level=, user.script=, user.country=US, sun.java.launcher=SUN_STANDARD, java.vm.specification.name=Java Virtual Machine Specification, user.dir=F:\WORKSPACES\HIBERNATE\HibernateCRUDDemo, java.runtime.version=1.8.0_151-b12, java.awt.graphicsenv=sun.awt.Win32GraphicsEnvironment, hbm2ddl.auto=update, os.arch=amd64, java.endorsed.dirs=C:\Program Files\Java\jre1.8.0_151\lib\endorsed, java.io.tmpdir=C:\Users\JK\AppData\Local\Temp\, line.separator=
, java.vm.specification.vendor=Oracle Corporation, user.variant=, os.name=Windows 10, sun.jnu.encoding=Cp1252, java.library.path=C:\Program Files\Java\jre1.8.0_151\bin;C:\Windows\Sun\Java\bin;C:\Windows\system32;C:\Windows;C:/Program Files/Java/jre1.8.0_151/bin/server;C:/Program Files/Java/jre1.8.0_151/bin;C:/Program Files/Java/jre1.8.0_151/lib/amd64;C:\oraclexe\app\oracle\product\11.2.0\server\bin;C:\ProgramData\Oracle\Java\javapath;C:\Windows\system32;C:\Windows;C:\Windows\System32\Wbem;C:\Windows\System32\WindowsPowerShell\v1.0\;C:\Program Files\Java\jdk1.8.0_151\bin;C:\Program Files\Git\cmd;C:\Users\JK\AppData\Local\Microsoft\WindowsApps;;E:\software\eclipse-jee-oxygen-2-win32-x86_64\eclipse;;., java.class.version=52.0, java.specification.name=Java Platform API Specification, sun.management.compiler=HotSpot 64-Bit Tiered Compilers, os.version=10.0, user.home=C:\Users\JK, user.timezone=Asia/Calcutta, java.awt.printerjob=sun.awt.windows.WPrinterJob, file.encoding=UTF-8, java.specification.version=1.8, hibernate.connection.driver_class=oracle.jdbc.driver.OracleDriver, show_sql=true, user.name=JK, java.class.path=C:\Program Files\Java\jre1.8.0_151\lib\resources.jar;C:\Program Files\Java\jre1.8.0_151\lib\rt.jar;C:\Program Files\Java\jre1.8.0_151\lib\jsse.jar;C:\Program Files\Java\jre1.8.0_151\lib\jce.jar;C:\Program Files\Java\jre1.8.0_151\lib\charsets.jar;C:\Program Files\Java\jre1.8.0_151\lib\jfr.jar;C:\Program Files\Java\jre1.8.0_151\lib\ext\access-bridge-64.jar;C:\Program Files\Java\jre1.8.0_151\lib\ext\cldrdata.jar;C:\Program Files\Java\jre1.8.0_151\lib\ext\dnsns.jar;C:\Program Files\Java\jre1.8.0_151\lib\ext\jaccess.jar;C:\Program Files\Java\jre1.8.0_151\lib\ext\jfxrt.jar;C:\Program Files\Java\jre1.8.0_151\lib\ext\localedata.jar;C:\Program Files\Java\jre1.8.0_151\lib\ext\nashorn.jar;C:\Program Files\Java\jre1.8.0_151\lib\ext\sunec.jar;C:\Program Files\Java\jre1.8.0_151\lib\ext\sunjce_provider.jar;C:\Program Files\Java\jre1.8.0_151\lib\ext\sunmscapi.jar;C:\Program Files\Java\jre1.8.0_151\lib\ext\sunpkcs11.jar;C:\Program Files\Java\jre1.8.0_151\lib\ext\zipfs.jar;F:\WORKSPACES\HIBERNATE\HibernateCRUDDemo\target\classes;C:\Users\JK\Downloads\ojdbc14.jar;C:\Users\JK\.m2\repository\log4j\log4j\1.2.17\log4j-1.2.17.jar;C:\Users\JK\.m2\repository\org\hibernate\hibernate-core\5.1.11.Final\hibernate-core-5.1.11.Final.jar;C:\Users\JK\.m2\repository\org\jboss\logging\jboss-logging\3.3.0.Final\jboss-logging-3.3.0.Final.jar;C:\Users\JK\.m2\repository\org\hibernate\javax\persistence\hibernate-jpa-2.1-api\1.0.0.Final\hibernate-jpa-2.1-api-1.0.0.Final.jar;C:\Users\JK\.m2\repository\org\javassist\javassist\3.20.0-GA\javassist-3.20.0-GA.jar;C:\Users\JK\.m2\repository\antlr\antlr\2.7.7\antlr-2.7.7.jar;C:\Users\JK\.m2\repository\org\apache\geronimo\specs\geronimo-jta_1.1_spec\1.1.1\geronimo-jta_1.1_spec-1.1.1.jar;C:\Users\JK\.m2\repository\org\jboss\jandex\2.0.3.Final\jandex-2.0.3.Final.jar;C:\Users\JK\.m2\repository\com\fasterxml\classmate\1.3.0\classmate-1.3.0.jar;C:\Users\JK\.m2\repository\dom4j\dom4j\1.6.1\dom4j-1.6.1.jar;C:\Users\JK\.m2\repository\xml-apis\xml-apis\1.0.b2\xml-apis-1.0.b2.jar;C:\Users\JK\.m2\repository\org\hibernate\common\hibernate-commons-annotations\5.0.1.Final\hibernate-commons-annotations-5.0.1.Final.jar, hibernate.bytecode.use_reflection_optimizer=false, hibernate.show_sql=true, java.vm.specification.version=1.8, sun.arch.data.model=64, sun.java.command=com.scp.hibernate.HibernateCRUDDemo, java.home=C:\Program Files\Java\jre1.8.0_151, hibernate.connection.url=jdbc:oracle:thin:@localhost:1521:xe, hibernate.dialect=org.hibernate.dialect.Oracle9Dialect, user.language=en, java.specification.vendor=Oracle Corporation, awt.toolkit=sun.awt.windows.WToolkit, java.vm.info=mixed mode, java.version=1.8.0_151, java.ext.dirs=C:\Program Files\Java\jre1.8.0_151\lib\ext;C:\Windows\Sun\Java\lib\ext, sun.boot.class.path=C:\Program Files\Java\jre1.8.0_151\lib\resources.jar;C:\Program Files\Java\jre1.8.0_151\lib\rt.jar;C:\Program Files\Java\jre1.8.0_151\lib\sunrsasign.jar;C:\Program Files\Java\jre1.8.0_151\lib\jsse.jar;C:\Program Files\Java\jre1.8.0_151\lib\jce.jar;C:\Program Files\Java\jre1.8.0_151\lib\charsets.jar;C:\Program Files\Java\jre1.8.0_151\lib\jfr.jar;C:\Program Files\Java\jre1.8.0_151\classes, java.vendor=Oracle Corporation, file.separator=\, java.vendor.url.bug=http://bugreport.sun.com/bugreport/, hibernate.hbm2ddl.auto=update, sun.io.unicode.encoding=UnicodeLittle, sun.cpu.endian=little, sun.desktop=windows, sun.cpu.isalist=amd64}
2018-02-26 01:28:34 DEBUG JaccIntegrator:80 - Skipping JACC integration as it was not enabled
2018-02-26 01:28:34 DEBUG ClassLoaderAccessImpl:55 - Not known whether passed class name [com.scp.entity.Student] is safe
2018-02-26 01:28:34 DEBUG ClassLoaderAccessImpl:57 - No temp ClassLoader provided; using live ClassLoader for loading potentially unsafe class : com.scp.entity.Student
2018-02-26 01:28:34 DEBUG ClassLoaderAccessImpl:55 - Not known whether passed class name [com.scp.entity.Student] is safe
2018-02-26 01:28:34 DEBUG ClassLoaderAccessImpl:57 - No temp ClassLoader provided; using live ClassLoader for loading potentially unsafe class : com.scp.entity.Student
2018-02-26 01:28:34 DEBUG AbstractEntityPersister:3594 - Static SQL for entity: com.scp.entity.Student
2018-02-26 01:28:34 DEBUG AbstractEntityPersister:3599 -  Version select: select ID from STUDENT_CRUD where ID =?
2018-02-26 01:28:34 DEBUG AbstractEntityPersister:3602 -  Snapshot select: select student_.ID, student_.COURSE as COURSE2_0_, student_.ROLL_NUMBER as ROLL_NUM3_0_, student_.STUDENT_NAME as STUDENT_4_0_ from STUDENT_CRUD student_ where student_.ID=?
2018-02-26 01:28:34 DEBUG AbstractEntityPersister:394 -  Insert 0: insert into STUDENT_CRUD (COURSE, ROLL_NUMBER, STUDENT_NAME, ID) values (?, ?, ?, ?)
2018-02-26 01:28:34 DEBUG AbstractEntityPersister:394 -  Update 0: update STUDENT_CRUD set COURSE=?, ROLL_NUMBER=?, STUDENT_NAME=? where ID=?
2018-02-26 01:28:34 DEBUG AbstractEntityPersister:394 -  Delete 0: delete from STUDENT_CRUD where ID=?
2018-02-26 01:28:34 DEBUG QuerySpacesImpl:174 - Adding QuerySpace : uid = <gen:0> -> org.hibernate.loader.plan.build.internal.spaces.EntityQuerySpaceImpl@5d99c6b5]
2018-02-26 01:28:34 DEBUG MetamodelGraphWalker:137 - Visiting attribute path : course
2018-02-26 01:28:34 DEBUG MetamodelGraphWalker:137 - Visiting attribute path : rollNumber
2018-02-26 01:28:34 DEBUG MetamodelGraphWalker:137 - Visiting attribute path : studentName
2018-02-26 01:28:34 DEBUG FetchStyleLoadPlanBuildingAssociationVisitationStrategy:150 - Building LoadPlan...
2018-02-26 01:28:34 DEBUG LoadQueryJoinAndFetchProcessor:101 - processing queryspace <gen:0>
2018-02-26 01:28:34 DEBUG LoadPlanTreePrinter:55 - LoadPlan(entity=com.scp.entity.Student)
    - Returns
       - EntityReturnImpl(entity=com.scp.entity.Student, querySpaceUid=<gen:0>, path=com.scp.entity.Student)
    - QuerySpaces
       - EntityQuerySpaceImpl(uid=<gen:0>, entity=com.scp.entity.Student)
          - SQL table alias mapping - student0_
          - alias suffix - 0_
          - suffixed key columns - {ID1_0_0_}

2018-02-26 01:28:34 DEBUG EntityLoader:115 - Static select for entity com.scp.entity.Student [NONE]: select student0_.ID as ID1_0_0_, student0_.COURSE as COURSE2_0_0_, student0_.ROLL_NUMBER as ROLL_NUM3_0_0_, student0_.STUDENT_NAME as STUDENT_4_0_0_ from STUDENT_CRUD student0_ where student0_.ID=?
2018-02-26 01:28:34 DEBUG QuerySpacesImpl:174 - Adding QuerySpace : uid = <gen:0> -> org.hibernate.loader.plan.build.internal.spaces.EntityQuerySpaceImpl@616ac46a]
2018-02-26 01:28:34 DEBUG MetamodelGraphWalker:137 - Visiting attribute path : course
2018-02-26 01:28:34 DEBUG MetamodelGraphWalker:137 - Visiting attribute path : rollNumber
2018-02-26 01:28:34 DEBUG MetamodelGraphWalker:137 - Visiting attribute path : studentName
2018-02-26 01:28:34 DEBUG FetchStyleLoadPlanBuildingAssociationVisitationStrategy:150 - Building LoadPlan...
2018-02-26 01:28:34 DEBUG LoadQueryJoinAndFetchProcessor:101 - processing queryspace <gen:0>
2018-02-26 01:28:34 DEBUG LoadPlanTreePrinter:55 - LoadPlan(entity=com.scp.entity.Student)
    - Returns
       - EntityReturnImpl(entity=com.scp.entity.Student, querySpaceUid=<gen:0>, path=com.scp.entity.Student)
    - QuerySpaces
       - EntityQuerySpaceImpl(uid=<gen:0>, entity=com.scp.entity.Student)
          - SQL table alias mapping - student0_
          - alias suffix - 0_
          - suffixed key columns - {ID1_0_0_}

2018-02-26 01:28:34 DEBUG EntityLoader:115 - Static select for entity com.scp.entity.Student [READ]: select student0_.ID as ID1_0_0_, student0_.COURSE as COURSE2_0_0_, student0_.ROLL_NUMBER as ROLL_NUM3_0_0_, student0_.STUDENT_NAME as STUDENT_4_0_0_ from STUDENT_CRUD student0_ where student0_.ID=?
2018-02-26 01:28:34 DEBUG QuerySpacesImpl:174 - Adding QuerySpace : uid = <gen:0> -> org.hibernate.loader.plan.build.internal.spaces.EntityQuerySpaceImpl@1205bd62]
2018-02-26 01:28:34 DEBUG MetamodelGraphWalker:137 - Visiting attribute path : course
2018-02-26 01:28:34 DEBUG MetamodelGraphWalker:137 - Visiting attribute path : rollNumber
2018-02-26 01:28:34 DEBUG MetamodelGraphWalker:137 - Visiting attribute path : studentName
2018-02-26 01:28:34 DEBUG FetchStyleLoadPlanBuildingAssociationVisitationStrategy:150 - Building LoadPlan...
2018-02-26 01:28:34 DEBUG LoadQueryJoinAndFetchProcessor:101 - processing queryspace <gen:0>
2018-02-26 01:28:34 DEBUG LoadPlanTreePrinter:55 - LoadPlan(entity=com.scp.entity.Student)
    - Returns
       - EntityReturnImpl(entity=com.scp.entity.Student, querySpaceUid=<gen:0>, path=com.scp.entity.Student)
    - QuerySpaces
       - EntityQuerySpaceImpl(uid=<gen:0>, entity=com.scp.entity.Student)
          - SQL table alias mapping - student0_
          - alias suffix - 0_
          - suffixed key columns - {ID1_0_0_}

2018-02-26 01:28:34 DEBUG EntityLoader:115 - Static select for entity com.scp.entity.Student [UPGRADE]: select student0_.ID as ID1_0_0_, student0_.COURSE as COURSE2_0_0_, student0_.ROLL_NUMBER as ROLL_NUM3_0_0_, student0_.STUDENT_NAME as STUDENT_4_0_0_ from STUDENT_CRUD student0_ where student0_.ID=? for update
2018-02-26 01:28:34 DEBUG QuerySpacesImpl:174 - Adding QuerySpace : uid = <gen:0> -> org.hibernate.loader.plan.build.internal.spaces.EntityQuerySpaceImpl@490caf5f]
2018-02-26 01:28:34 DEBUG MetamodelGraphWalker:137 - Visiting attribute path : course
2018-02-26 01:28:34 DEBUG MetamodelGraphWalker:137 - Visiting attribute path : rollNumber
2018-02-26 01:28:34 DEBUG MetamodelGraphWalker:137 - Visiting attribute path : studentName
2018-02-26 01:28:34 DEBUG FetchStyleLoadPlanBuildingAssociationVisitationStrategy:150 - Building LoadPlan...
2018-02-26 01:28:34 DEBUG LoadQueryJoinAndFetchProcessor:101 - processing queryspace <gen:0>
2018-02-26 01:28:34 DEBUG LoadPlanTreePrinter:55 - LoadPlan(entity=com.scp.entity.Student)
    - Returns
       - EntityReturnImpl(entity=com.scp.entity.Student, querySpaceUid=<gen:0>, path=com.scp.entity.Student)
    - QuerySpaces
       - EntityQuerySpaceImpl(uid=<gen:0>, entity=com.scp.entity.Student)
          - SQL table alias mapping - student0_
          - alias suffix - 0_
          - suffixed key columns - {ID1_0_0_}

2018-02-26 01:28:34 DEBUG EntityLoader:115 - Static select for entity com.scp.entity.Student [UPGRADE_NOWAIT]: select student0_.ID as ID1_0_0_, student0_.COURSE as COURSE2_0_0_, student0_.ROLL_NUMBER as ROLL_NUM3_0_0_, student0_.STUDENT_NAME as STUDENT_4_0_0_ from STUDENT_CRUD student0_ where student0_.ID=? for update nowait
2018-02-26 01:28:34 DEBUG QuerySpacesImpl:174 - Adding QuerySpace : uid = <gen:0> -> org.hibernate.loader.plan.build.internal.spaces.EntityQuerySpaceImpl@5c669da8]
2018-02-26 01:28:34 DEBUG MetamodelGraphWalker:137 - Visiting attribute path : course
2018-02-26 01:28:34 DEBUG MetamodelGraphWalker:137 - Visiting attribute path : rollNumber
2018-02-26 01:28:34 DEBUG MetamodelGraphWalker:137 - Visiting attribute path : studentName
2018-02-26 01:28:34 DEBUG FetchStyleLoadPlanBuildingAssociationVisitationStrategy:150 - Building LoadPlan...
2018-02-26 01:28:34 DEBUG LoadQueryJoinAndFetchProcessor:101 - processing queryspace <gen:0>
2018-02-26 01:28:34 DEBUG LoadPlanTreePrinter:55 - LoadPlan(entity=com.scp.entity.Student)
    - Returns
       - EntityReturnImpl(entity=com.scp.entity.Student, querySpaceUid=<gen:0>, path=com.scp.entity.Student)
    - QuerySpaces
       - EntityQuerySpaceImpl(uid=<gen:0>, entity=com.scp.entity.Student)
          - SQL table alias mapping - student0_
          - alias suffix - 0_
          - suffixed key columns - {ID1_0_0_}

2018-02-26 01:28:34 DEBUG EntityLoader:115 - Static select for entity com.scp.entity.Student [UPGRADE_SKIPLOCKED]: select student0_.ID as ID1_0_0_, student0_.COURSE as COURSE2_0_0_, student0_.ROLL_NUMBER as ROLL_NUM3_0_0_, student0_.STUDENT_NAME as STUDENT_4_0_0_ from STUDENT_CRUD student0_ where student0_.ID=? for update
2018-02-26 01:28:34 DEBUG QuerySpacesImpl:174 - Adding QuerySpace : uid = <gen:0> -> org.hibernate.loader.plan.build.internal.spaces.EntityQuerySpaceImpl@1d483de4]
2018-02-26 01:28:34 DEBUG MetamodelGraphWalker:137 - Visiting attribute path : course
2018-02-26 01:28:34 DEBUG MetamodelGraphWalker:137 - Visiting attribute path : rollNumber
2018-02-26 01:28:34 DEBUG MetamodelGraphWalker:137 - Visiting attribute path : studentName
2018-02-26 01:28:34 DEBUG FetchStyleLoadPlanBuildingAssociationVisitationStrategy:150 - Building LoadPlan...
2018-02-26 01:28:34 DEBUG LoadQueryJoinAndFetchProcessor:101 - processing queryspace <gen:0>
2018-02-26 01:28:34 DEBUG LoadPlanTreePrinter:55 - LoadPlan(entity=com.scp.entity.Student)
    - Returns
       - EntityReturnImpl(entity=com.scp.entity.Student, querySpaceUid=<gen:0>, path=com.scp.entity.Student)
    - QuerySpaces
       - EntityQuerySpaceImpl(uid=<gen:0>, entity=com.scp.entity.Student)
          - SQL table alias mapping - student0_
          - alias suffix - 0_
          - suffixed key columns - {ID1_0_0_}

2018-02-26 01:28:34 DEBUG EntityLoader:115 - Static select for entity com.scp.entity.Student [FORCE]: select student0_.ID as ID1_0_0_, student0_.COURSE as COURSE2_0_0_, student0_.ROLL_NUMBER as ROLL_NUM3_0_0_, student0_.STUDENT_NAME as STUDENT_4_0_0_ from STUDENT_CRUD student0_ where student0_.ID=? for update nowait
2018-02-26 01:28:34 DEBUG QuerySpacesImpl:174 - Adding QuerySpace : uid = <gen:0> -> org.hibernate.loader.plan.build.internal.spaces.EntityQuerySpaceImpl@28d18df5]
2018-02-26 01:28:34 DEBUG MetamodelGraphWalker:137 - Visiting attribute path : course
2018-02-26 01:28:34 DEBUG MetamodelGraphWalker:137 - Visiting attribute path : rollNumber
2018-02-26 01:28:34 DEBUG MetamodelGraphWalker:137 - Visiting attribute path : studentName
2018-02-26 01:28:34 DEBUG FetchStyleLoadPlanBuildingAssociationVisitationStrategy:150 - Building LoadPlan...
2018-02-26 01:28:34 DEBUG LoadQueryJoinAndFetchProcessor:101 - processing queryspace <gen:0>
2018-02-26 01:28:34 DEBUG LoadPlanTreePrinter:55 - LoadPlan(entity=com.scp.entity.Student)
    - Returns
       - EntityReturnImpl(entity=com.scp.entity.Student, querySpaceUid=<gen:0>, path=com.scp.entity.Student)
    - QuerySpaces
       - EntityQuerySpaceImpl(uid=<gen:0>, entity=com.scp.entity.Student)
          - SQL table alias mapping - student0_
          - alias suffix - 0_
          - suffixed key columns - {ID1_0_0_}

2018-02-26 01:28:34 DEBUG EntityLoader:115 - Static select for entity com.scp.entity.Student [PESSIMISTIC_READ]: select student0_.ID as ID1_0_0_, student0_.COURSE as COURSE2_0_0_, student0_.ROLL_NUMBER as ROLL_NUM3_0_0_, student0_.STUDENT_NAME as STUDENT_4_0_0_ from STUDENT_CRUD student0_ where student0_.ID=? for update
2018-02-26 01:28:34 DEBUG QuerySpacesImpl:174 - Adding QuerySpace : uid = <gen:0> -> org.hibernate.loader.plan.build.internal.spaces.EntityQuerySpaceImpl@55cf0d14]
2018-02-26 01:28:34 DEBUG MetamodelGraphWalker:137 - Visiting attribute path : course
2018-02-26 01:28:34 DEBUG MetamodelGraphWalker:137 - Visiting attribute path : rollNumber
2018-02-26 01:28:34 DEBUG MetamodelGraphWalker:137 - Visiting attribute path : studentName
2018-02-26 01:28:34 DEBUG FetchStyleLoadPlanBuildingAssociationVisitationStrategy:150 - Building LoadPlan...
2018-02-26 01:28:34 DEBUG LoadQueryJoinAndFetchProcessor:101 - processing queryspace <gen:0>
2018-02-26 01:28:34 DEBUG LoadPlanTreePrinter:55 - LoadPlan(entity=com.scp.entity.Student)
    - Returns
       - EntityReturnImpl(entity=com.scp.entity.Student, querySpaceUid=<gen:0>, path=com.scp.entity.Student)
    - QuerySpaces
       - EntityQuerySpaceImpl(uid=<gen:0>, entity=com.scp.entity.Student)
          - SQL table alias mapping - student0_
          - alias suffix - 0_
          - suffixed key columns - {ID1_0_0_}

2018-02-26 01:28:34 DEBUG EntityLoader:115 - Static select for entity com.scp.entity.Student [PESSIMISTIC_WRITE]: select student0_.ID as ID1_0_0_, student0_.COURSE as COURSE2_0_0_, student0_.ROLL_NUMBER as ROLL_NUM3_0_0_, student0_.STUDENT_NAME as STUDENT_4_0_0_ from STUDENT_CRUD student0_ where student0_.ID=? for update
2018-02-26 01:28:34 DEBUG QuerySpacesImpl:174 - Adding QuerySpace : uid = <gen:0> -> org.hibernate.loader.plan.build.internal.spaces.EntityQuerySpaceImpl@27adc16e]
2018-02-26 01:28:34 DEBUG MetamodelGraphWalker:137 - Visiting attribute path : course
2018-02-26 01:28:34 DEBUG MetamodelGraphWalker:137 - Visiting attribute path : rollNumber
2018-02-26 01:28:34 DEBUG MetamodelGraphWalker:137 - Visiting attribute path : studentName
2018-02-26 01:28:34 DEBUG FetchStyleLoadPlanBuildingAssociationVisitationStrategy:150 - Building LoadPlan...
2018-02-26 01:28:34 DEBUG LoadQueryJoinAndFetchProcessor:101 - processing queryspace <gen:0>
2018-02-26 01:28:34 DEBUG LoadPlanTreePrinter:55 - LoadPlan(entity=com.scp.entity.Student)
    - Returns
       - EntityReturnImpl(entity=com.scp.entity.Student, querySpaceUid=<gen:0>, path=com.scp.entity.Student)
    - QuerySpaces
       - EntityQuerySpaceImpl(uid=<gen:0>, entity=com.scp.entity.Student)
          - SQL table alias mapping - student0_
          - alias suffix - 0_
          - suffixed key columns - {ID1_0_0_}

2018-02-26 01:28:34 DEBUG EntityLoader:115 - Static select for entity com.scp.entity.Student [PESSIMISTIC_FORCE_INCREMENT]: select student0_.ID as ID1_0_0_, student0_.COURSE as COURSE2_0_0_, student0_.ROLL_NUMBER as ROLL_NUM3_0_0_, student0_.STUDENT_NAME as STUDENT_4_0_0_ from STUDENT_CRUD student0_ where student0_.ID=? for update nowait
2018-02-26 01:28:34 DEBUG QuerySpacesImpl:174 - Adding QuerySpace : uid = <gen:0> -> org.hibernate.loader.plan.build.internal.spaces.EntityQuerySpaceImpl@2609b277]
2018-02-26 01:28:34 DEBUG MetamodelGraphWalker:137 - Visiting attribute path : course
2018-02-26 01:28:34 DEBUG MetamodelGraphWalker:137 - Visiting attribute path : rollNumber
2018-02-26 01:28:34 DEBUG MetamodelGraphWalker:137 - Visiting attribute path : studentName
2018-02-26 01:28:34 DEBUG FetchStyleLoadPlanBuildingAssociationVisitationStrategy:150 - Building LoadPlan...
2018-02-26 01:28:34 DEBUG LoadQueryJoinAndFetchProcessor:101 - processing queryspace <gen:0>
2018-02-26 01:28:34 DEBUG LoadPlanTreePrinter:55 - LoadPlan(entity=com.scp.entity.Student)
    - Returns
       - EntityReturnImpl(entity=com.scp.entity.Student, querySpaceUid=<gen:0>, path=com.scp.entity.Student)
    - QuerySpaces
       - EntityQuerySpaceImpl(uid=<gen:0>, entity=com.scp.entity.Student)
          - SQL table alias mapping - student0_
          - alias suffix - 0_
          - suffixed key columns - {ID1_0_0_}

2018-02-26 01:28:34 DEBUG EntityLoader:115 - Static select for entity com.scp.entity.Student [OPTIMISTIC]: select student0_.ID as ID1_0_0_, student0_.COURSE as COURSE2_0_0_, student0_.ROLL_NUMBER as ROLL_NUM3_0_0_, student0_.STUDENT_NAME as STUDENT_4_0_0_ from STUDENT_CRUD student0_ where student0_.ID=?
2018-02-26 01:28:34 DEBUG QuerySpacesImpl:174 - Adding QuerySpace : uid = <gen:0> -> org.hibernate.loader.plan.build.internal.spaces.EntityQuerySpaceImpl@563e4951]
2018-02-26 01:28:34 DEBUG MetamodelGraphWalker:137 - Visiting attribute path : course
2018-02-26 01:28:34 DEBUG MetamodelGraphWalker:137 - Visiting attribute path : rollNumber
2018-02-26 01:28:34 DEBUG MetamodelGraphWalker:137 - Visiting attribute path : studentName
2018-02-26 01:28:34 DEBUG FetchStyleLoadPlanBuildingAssociationVisitationStrategy:150 - Building LoadPlan...
2018-02-26 01:28:34 DEBUG LoadQueryJoinAndFetchProcessor:101 - processing queryspace <gen:0>
2018-02-26 01:28:34 DEBUG LoadPlanTreePrinter:55 - LoadPlan(entity=com.scp.entity.Student)
    - Returns
       - EntityReturnImpl(entity=com.scp.entity.Student, querySpaceUid=<gen:0>, path=com.scp.entity.Student)
    - QuerySpaces
       - EntityQuerySpaceImpl(uid=<gen:0>, entity=com.scp.entity.Student)
          - SQL table alias mapping - student0_
          - alias suffix - 0_
          - suffixed key columns - {ID1_0_0_}

2018-02-26 01:28:34 DEBUG EntityLoader:115 - Static select for entity com.scp.entity.Student [OPTIMISTIC_FORCE_INCREMENT]: select student0_.ID as ID1_0_0_, student0_.COURSE as COURSE2_0_0_, student0_.ROLL_NUMBER as ROLL_NUM3_0_0_, student0_.STUDENT_NAME as STUDENT_4_0_0_ from STUDENT_CRUD student0_ where student0_.ID=?
2018-02-26 01:28:34 DEBUG Loader:38 - Static select for action ACTION_MERGE on entity com.scp.entity.Student: select student0_.ID as ID1_0_0_, student0_.COURSE as COURSE2_0_0_, student0_.ROLL_NUMBER as ROLL_NUM3_0_0_, student0_.STUDENT_NAME as STUDENT_4_0_0_ from STUDENT_CRUD student0_ where student0_.ID=?
2018-02-26 01:28:34 DEBUG Loader:38 - Static select for action ACTION_REFRESH on entity com.scp.entity.Student: select student0_.ID as ID1_0_0_, student0_.COURSE as COURSE2_0_0_, student0_.ROLL_NUMBER as ROLL_NUM3_0_0_, student0_.STUDENT_NAME as STUDENT_4_0_0_ from STUDENT_CRUD student0_ where student0_.ID=?
2018-02-26 01:28:34 DEBUG SessionFactoryImpl:469 - Instantiated session factory
2018-02-26 01:28:34 WARN  pooling:71 - HHH10001002: Using Hibernate built-in connection pool (not for production use!)
2018-02-26 01:28:34 INFO  pooling:127 - HHH10001005: using driver [oracle.jdbc.driver.OracleDriver] at URL [jdbc:oracle:thin:@localhost:1521:xe]
2018-02-26 01:28:34 INFO  pooling:133 - HHH10001001: Connection properties: {user=system, password=root}
2018-02-26 01:28:34 INFO  pooling:141 - HHH10001003: Autocommit mode: false
2018-02-26 01:28:34 DEBUG DriverManagerConnectionProviderImpl:384 - Initializing Connection pool with 1 Connections
2018-02-26 01:28:34 INFO  DriverManagerConnectionProviderImpl:39 - HHH000115: Hibernate connection pool size: 20 (min=1)
2018-02-26 01:28:35 INFO  access:47 - HHH10001501: Connection obtained from JdbcConnectionAccess [org.hibernate.engine.jdbc.env.internal.JdbcEnvironmentInitiator$ConnectionProviderJdbcConnectionAccess@7862f56] for (non-JTA) DDL execution was not in auto-commit mode; the Connection 'local transaction' will be committed and the Connection will be set into auto-commit mode.
2018-02-26 01:28:35 DEBUG SQL:92 - create table STUDENT_CRUD (ID number(10,0) not null, COURSE varchar2(255 char), ROLL_NUMBER number(10,0), STUDENT_NAME varchar2(255 char), primary key (ID))
2018-02-26 01:28:35 WARN  ExceptionHandlerLoggedImpl:27 - GenerationTarget encountered exception accepting command : Error executing DDL via JDBC Statement
org.hibernate.tool.schema.spi.CommandAcceptanceException: Error executing DDL via JDBC Statement
	at org.hibernate.tool.schema.internal.exec.GenerationTargetToDatabase.accept(GenerationTargetToDatabase.java:67)
	at org.hibernate.tool.schema.internal.AbstractSchemaMigrator.applySqlString(AbstractSchemaMigrator.java:524)
	at org.hibernate.tool.schema.internal.AbstractSchemaMigrator.applySqlStrings(AbstractSchemaMigrator.java:470)
	at org.hibernate.tool.schema.internal.AbstractSchemaMigrator.createTable(AbstractSchemaMigrator.java:273)
	at org.hibernate.tool.schema.internal.GroupedSchemaMigratorImpl.performTablesMigration(GroupedSchemaMigratorImpl.java:71)
	at org.hibernate.tool.schema.internal.AbstractSchemaMigrator.performMigration(AbstractSchemaMigrator.java:203)
	at org.hibernate.tool.schema.internal.AbstractSchemaMigrator.doMigration(AbstractSchemaMigrator.java:110)
	at org.hibernate.tool.schema.spi.SchemaManagementToolCoordinator.performDatabaseAction(SchemaManagementToolCoordinator.java:176)
	at org.hibernate.tool.schema.spi.SchemaManagementToolCoordinator.process(SchemaManagementToolCoordinator.java:65)
	at org.hibernate.internal.SessionFactoryImpl.<init>(SessionFactoryImpl.java:478)
	at org.hibernate.boot.internal.SessionFactoryBuilderImpl.build(SessionFactoryBuilderImpl.java:422)
	at org.hibernate.cfg.Configuration.buildSessionFactory(Configuration.java:711)
	at org.hibernate.cfg.Configuration.buildSessionFactory(Configuration.java:727)
	at com.scp.util.HibernateUtil.<clinit>(HibernateUtil.java:18)
	at com.scp.hibernate.HibernateCRUDDemo.main(HibernateCRUDDemo.java:25)
Caused by: java.sql.SQLException: ORA-00955: name is already used by an existing object

	at oracle.jdbc.driver.DatabaseError.throwSqlException(DatabaseError.java:112)
	at oracle.jdbc.driver.T4CTTIoer.processError(T4CTTIoer.java:331)
	at oracle.jdbc.driver.T4CTTIoer.processError(T4CTTIoer.java:288)
	at oracle.jdbc.driver.T4C8Oall.receive(T4C8Oall.java:743)
	at oracle.jdbc.driver.T4CStatement.doOall8(T4CStatement.java:207)
	at oracle.jdbc.driver.T4CStatement.executeForRows(T4CStatement.java:946)
	at oracle.jdbc.driver.OracleStatement.doExecuteWithTimeout(OracleStatement.java:1169)
	at oracle.jdbc.driver.OracleStatement.executeInternal(OracleStatement.java:1688)
	at oracle.jdbc.driver.OracleStatement.execute(OracleStatement.java:1654)
	at org.hibernate.tool.schema.internal.exec.GenerationTargetToDatabase.accept(GenerationTargetToDatabase.java:54)
	... 14 more
2018-02-26 01:28:35 DEBUG JtaPlatformInitiator:42 - No JtaPlatform was specified, checking resolver
2018-02-26 01:28:35 DEBUG JtaPlatformResolverInitiator:33 - No JtaPlatformResolver was specified, using default [org.hibernate.engine.transaction.jta.platform.internal.StandardJtaPlatformResolver]
2018-02-26 01:28:35 DEBUG StandardJtaPlatformResolver:101 - Could not resolve JtaPlatform, using default [org.hibernate.engine.transaction.jta.platform.internal.NoJtaPlatform]
2018-02-26 01:28:35 DEBUG NamedQueryRepository:149 - Checking 0 named HQL queries
2018-02-26 01:28:35 DEBUG NamedQueryRepository:165 - Checking 0 named SQL queries
2018-02-26 01:28:35 DEBUG SessionFactoryRegistry:52 - Initializing SessionFactoryRegistry : org.hibernate.internal.SessionFactoryRegistry@2e8e8225
2018-02-26 01:28:35 DEBUG SessionFactoryRegistry:74 - Registering SessionFactory: 5fa86ec2-3964-4773-90c3-16bdd9e7cbf0 (<unnamed>)
2018-02-26 01:28:35 DEBUG SessionFactoryRegistry:81 - Not binding SessionFactory to JNDI, no JNDI name configured
2018-02-26 01:28:36 DEBUG StatisticsInitiator:82 - Statistics initialized [enabled=false]
2018-02-26 01:28:36 DEBUG TransactionImpl:51 - begin
2018-02-26 01:28:36 DEBUG TransactionImpl:51 - begin
2018-02-26 01:28:36 DEBUG SQL:92 - select hibernate_sequence.nextval from dual
2018-02-26 01:28:36 DEBUG SequenceStructure:102 - Sequence value obtained: 33
2018-02-26 01:28:36 DEBUG ResourceRegistryStandardImpl:73 - HHH000387: ResultSet's statement was not registered
2018-02-26 01:28:36 DEBUG AbstractSaveEventListener:118 - Generated identifier: 33, using strategy: org.hibernate.id.enhanced.SequenceStyleGenerator
2018-02-26 01:28:36 INFO  HibernateCRUDDemo:64 - Inserted Successfully
2018-02-26 01:28:36 DEBUG TransactionImpl:62 - committing
2018-02-26 01:28:36 DEBUG AbstractFlushingEventListener:132 - Processing flush-time cascades
2018-02-26 01:28:36 DEBUG AbstractFlushingEventListener:174 - Dirty checking collections
2018-02-26 01:28:36 DEBUG AbstractFlushingEventListener:106 - Flushed: 1 insertions, 0 updates, 0 deletions to 1 objects
2018-02-26 01:28:36 DEBUG AbstractFlushingEventListener:113 - Flushed: 0 (re)creations, 0 updates, 0 removals to 0 collections
2018-02-26 01:28:36 DEBUG EntityPrinter:102 - Listing entities:
2018-02-26 01:28:36 DEBUG EntityPrinter:109 - com.scp.entity.Student{studentName=Jagdish Khetre, rollNumber=1, course=B.Tech., id=33}
2018-02-26 01:28:36 DEBUG SQL:92 - insert into STUDENT_CRUD (COURSE, ROLL_NUMBER, STUDENT_NAME, ID) values (?, ?, ?, ?)
2018-02-26 01:28:36 DEBUG LogicalConnectionManagedImpl:134 - Initiating JDBC connection release from afterTransaction
2018-02-26 01:28:36 DEBUG LogicalConnectionManagedImpl:134 - Initiating JDBC connection release from afterTransaction
2018-02-26 01:28:36 DEBUG JdbcCoordinatorImpl:191 - HHH000420: Closing un-released batch
2018-02-26 01:28:36 DEBUG TransactionImpl:51 - begin
2018-02-26 01:28:36 DEBUG QueryTranslatorFactoryInitiator:45 - QueryTranslatorFactory : org.hibernate.hql.internal.ast.ASTQueryTranslatorFactory@4189d70b
2018-02-26 01:28:36 INFO  QueryTranslatorFactoryInitiator:47 - HHH000397: Using ASTQueryTranslatorFactory
2018-02-26 01:28:36 DEBUG QueryTranslatorImpl:277 - parse() - HQL: from com.scp.entity.Student
2018-02-26 01:28:36 DEBUG QueryTranslatorImpl:295 - --- HQL AST ---
 \-[QUERY] Node: 'query'
    \-[SELECT_FROM] Node: 'SELECT_FROM'
       \-[FROM] Node: 'from'
          \-[RANGE] Node: 'RANGE'
             \-[DOT] Node: '.'
                +-[DOT] Node: '.'
                |  +-[DOT] Node: '.'
                |  |  +-[IDENT] Node: 'com'
                |  |  \-[IDENT] Node: 'scp'
                |  \-[IDENT] Node: 'entity'
                \-[IDENT] Node: 'Student'

2018-02-26 01:28:36 DEBUG ErrorCounter:95 - throwQueryException() : no errors
2018-02-26 01:28:36 DEBUG HqlSqlBaseWalker:124 - select << begin [level=1, statement=select]
2018-02-26 01:28:36 DEBUG FromElement:145 - FromClause{level=1} : com.scp.entity.Student (<no alias>) -> student0_
2018-02-26 01:28:36 DEBUG HqlSqlBaseWalker:128 - select : finishing up [level=1, statement=select]
2018-02-26 01:28:36 DEBUG HqlSqlWalker:745 - processQuery() :  ( SELECT ( FromClause{level=1} STUDENT_CRUD student0_ ) )
2018-02-26 01:28:36 DEBUG HqlSqlWalker:1021 - Derived SELECT clause created.
2018-02-26 01:28:36 DEBUG JoinProcessor:187 - Using FROM fragment [STUDENT_CRUD student0_]
2018-02-26 01:28:36 DEBUG HqlSqlBaseWalker:132 - select >> end [level=1, statement=select]
2018-02-26 01:28:36 DEBUG QueryTranslatorImpl:264 - --- SQL AST ---
 \-[SELECT] QueryNode: 'SELECT'  querySpaces (STUDENT_CRUD)
    +-[SELECT_CLAUSE] SelectClause: '{derived select clause}'
    |  +-[SELECT_EXPR] SelectExpressionImpl: 'student0_.ID as ID1_0_' {FromElement{explicit,not a collection join,not a fetch join,fetch non-lazy properties,classAlias=null,role=null,tableName=STUDENT_CRUD,tableAlias=student0_,origin=null,columns={,className=com.scp.entity.Student}}}
    |  \-[SQL_TOKEN] SqlFragment: 'student0_.COURSE as COURSE2_0_, student0_.ROLL_NUMBER as ROLL_NUM3_0_, student0_.STUDENT_NAME as STUDENT_4_0_'
    \-[FROM] FromClause: 'from' FromClause{level=1, fromElementCounter=1, fromElements=1, fromElementByClassAlias=[], fromElementByTableAlias=[student0_], fromElementsByPath=[], collectionJoinFromElementsByPath=[], impliedElements=[]}
       \-[FROM_FRAGMENT] FromElement: 'STUDENT_CRUD student0_' FromElement{explicit,not a collection join,not a fetch join,fetch non-lazy properties,classAlias=null,role=null,tableName=STUDENT_CRUD,tableAlias=student0_,origin=null,columns={,className=com.scp.entity.Student}}

2018-02-26 01:28:36 DEBUG ErrorCounter:95 - throwQueryException() : no errors
2018-02-26 01:28:36 DEBUG QueryTranslatorImpl:246 - HQL: from com.scp.entity.Student
2018-02-26 01:28:36 DEBUG QueryTranslatorImpl:247 - SQL: select student0_.ID as ID1_0_, student0_.COURSE as COURSE2_0_, student0_.ROLL_NUMBER as ROLL_NUM3_0_, student0_.STUDENT_NAME as STUDENT_4_0_ from STUDENT_CRUD student0_
2018-02-26 01:28:36 DEBUG ErrorCounter:95 - throwQueryException() : no errors
2018-02-26 01:28:36 DEBUG SQL:92 - select student0_.ID as ID1_0_, student0_.COURSE as COURSE2_0_, student0_.ROLL_NUMBER as ROLL_NUM3_0_, student0_.STUDENT_NAME as STUDENT_4_0_ from STUDENT_CRUD student0_
2018-02-26 01:28:36 DEBUG Loader:384 - Result set row: 0
2018-02-26 01:28:36 DEBUG Loader:1521 - Result row: EntityKey[com.scp.entity.Student#32]
2018-02-26 01:28:36 DEBUG Loader:384 - Result set row: 1
2018-02-26 01:28:36 DEBUG Loader:1521 - Result row: EntityKey[com.scp.entity.Student#33]
2018-02-26 01:28:36 DEBUG TwoPhaseLoad:141 - Resolving associations for [com.scp.entity.Student#32]
2018-02-26 01:28:36 DEBUG TwoPhaseLoad:281 - Done materializing entity [com.scp.entity.Student#32]
2018-02-26 01:28:36 DEBUG TwoPhaseLoad:141 - Resolving associations for [com.scp.entity.Student#33]
2018-02-26 01:28:36 DEBUG TwoPhaseLoad:281 - Done materializing entity [com.scp.entity.Student#33]
2018-02-26 01:28:36 INFO  HibernateCRUDDemo:80 - Roll Number: 1, Student Name: Jagdish Khetre, Course: B.E.
2018-02-26 01:28:36 INFO  HibernateCRUDDemo:80 - Roll Number: 1, Student Name: Jagdish Khetre, Course: B.Tech.
2018-02-26 01:28:36 DEBUG TransactionImpl:62 - committing
2018-02-26 01:28:36 DEBUG AbstractFlushingEventListener:132 - Processing flush-time cascades
2018-02-26 01:28:36 DEBUG AbstractFlushingEventListener:174 - Dirty checking collections
2018-02-26 01:28:36 DEBUG AbstractFlushingEventListener:106 - Flushed: 0 insertions, 0 updates, 0 deletions to 2 objects
2018-02-26 01:28:36 DEBUG AbstractFlushingEventListener:113 - Flushed: 0 (re)creations, 0 updates, 0 removals to 0 collections
2018-02-26 01:28:36 DEBUG EntityPrinter:102 - Listing entities:
2018-02-26 01:28:36 DEBUG EntityPrinter:109 - com.scp.entity.Student{studentName=Jagdish Khetre, rollNumber=1, course=B.E., id=32}
2018-02-26 01:28:36 DEBUG EntityPrinter:109 - com.scp.entity.Student{studentName=Jagdish Khetre, rollNumber=1, course=B.Tech., id=33}
2018-02-26 01:28:36 DEBUG LogicalConnectionManagedImpl:134 - Initiating JDBC connection release from afterTransaction
2018-02-26 01:28:36 DEBUG LogicalConnectionManagedImpl:134 - Initiating JDBC connection release from afterTransaction
2018-02-26 01:28:36 INFO  HibernateCRUDDemo:91 - Student : com.scp.entity.Student@54227100
2018-02-26 01:28:36 DEBUG TransactionImpl:51 - begin
2018-02-26 01:28:36 ERROR HibernateCRUDDemo:95 - This is NullPointerException
2018-02-26 01:28:36 INFO  HibernateCRUDDemo:98 - Updated Successfully
2018-02-26 01:28:36 DEBUG TransactionImpl:62 - committing
2018-02-26 01:28:36 DEBUG LogicalConnectionManagedImpl:134 - Initiating JDBC connection release from afterTransaction
2018-02-26 01:28:36 DEBUG LogicalConnectionManagedImpl:134 - Initiating JDBC connection release from afterTransaction
2018-02-26 01:28:36 DEBUG TransactionImpl:51 - begin
2018-02-26 01:28:36 INFO  DefaultDeleteEventListener:191 - HHH000114: Handling transient entity in delete processing
2018-02-26 01:28:36 INFO  HibernateCRUDDemo:109 - Deleted Successfully
2018-02-26 01:28:36 DEBUG TransactionImpl:62 - committing
2018-02-26 01:28:36 DEBUG LogicalConnectionManagedImpl:134 - Initiating JDBC connection release from afterTransaction
2018-02-26 01:28:36 DEBUG LogicalConnectionManagedImpl:134 - Initiating JDBC connection release from afterTransaction
2018-02-26 01:28:36 DEBUG TransactionImpl:62 - committing
2018-02-26 01:28:36 DEBUG LogicalConnectionManagedImpl:134 - Initiating JDBC connection release from afterTransaction
2018-02-26 01:28:36 DEBUG LogicalConnectionManagedImpl:134 - Initiating JDBC connection release from afterTransaction
2018-02-26 01:28:36 DEBUG SessionFactoryImpl:1081 - HHH000031: Closing
2018-02-26 01:28:36 INFO  pooling:235 - HHH10001008: Cleaning up connection pool [jdbc:oracle:thin:@localhost:1521:xe]
2018-02-26 01:28:36 DEBUG AbstractServiceRegistryImpl:407 - Implicitly destroying ServiceRegistry on de-registration of all child ServiceRegistries
2018-02-26 01:28:36 DEBUG BootstrapServiceRegistryImpl:295 - Implicitly destroying Boot-strap registry on de-registration of all child ServiceRegistries
